<?xml version="1.0" encoding="UTF-8"?>
<testng-results skipped="0" failed="0" total="1" passed="1">
  <reporter-output>
  </reporter-output>
  <suite name="Default suite" duration-ms="298" started-at="2017-05-11T07:36:07Z" finished-at="2017-05-11T07:36:07Z">
    <groups>
    </groups>
    <test name="Default test" duration-ms="298" started-at="2017-05-11T07:36:07Z" finished-at="2017-05-11T07:36:07Z">
      <class name="com.logging.sample.LoggingInAutomation.LoggingClass">
        <test-method status="PASS" signature="Log()[pri:0, instance:com.logging.sample.LoggingInAutomation.LoggingClass@61832929]" name="Log" is-config="true" duration-ms="180" started-at="2017-05-11T13:06:07Z" finished-at="2017-05-11T13:06:07Z">
          <reporter-output>
          </reporter-output>
        </test-method> <!-- Log -->
        <test-method status="PASS" signature="start()[pri:0, instance:com.logging.sample.LoggingInAutomation.LoggingClass@61832929]" name="start" duration-ms="34" started-at="2017-05-11T13:06:07Z" finished-at="2017-05-11T13:06:07Z">
          <reporter-output>
          </reporter-output>
        </test-method> <!-- start -->
      </class> <!-- com.logging.sample.LoggingInAutomation.LoggingClass -->
    </test> <!-- Default test -->
  </suite> <!-- Default suite -->
</testng-results>
